{
  message: '🛢 Database Connect Successfully',
  level: 'info',
  label: 'right meow!',
  timestamp: '2023-06-14T10:14:42.561Z'
}
{
  message: 'Application listening on config.port 5000',
  level: 'info',
  label: 'right meow!',
  timestamp: '2023-06-14T10:14:42.568Z'
}
{
  message: '🛢 Database Connect Successfully',
  level: 'info',
  label: 'right meow!',
  timestamp: '2023-06-14T10:15:37.625Z'
}
{
  message: 'Application listening on config.port 5000',
  level: 'info',
  label: 'right meow!',
  timestamp: '2023-06-14T10:15:37.633Z'
}
{
  message: '🛢 Database Connect Successfully',
  level: 'info',
  label: 'right meow!',
  timestamp: '2023-06-14T10:16:38.835Z'
}
{
  message: 'Application listening on config.port 5000',
  level: 'info',
  label: 'right meow!',
  timestamp: '2023-06-14T10:16:38.842Z'
}
{
  message: '🛢 Database Connect Successfully',
  level: 'info',
  label: 'right meow!',
  timestamp: '2023-06-14T10:16:49.184Z'
}
{
  message: 'Application listening on config.port 5000',
  level: 'info',
  label: 'right meow!',
  timestamp: '2023-06-14T10:16:49.197Z'
}
{
  message: '🛢 Database Connect Successfully',
  level: 'info',
  label: 'right meow!',
  timestamp: '2023-06-14T10:16:53.690Z'
}
{
  message: 'Application listening on config.port 5000',
  level: 'info',
  label: 'right meow!',
  timestamp: '2023-06-14T10:16:53.698Z'
}
{
  message: '🛢 Database Connect Successfully',
  level: 'info',
  label: 'right meow!',
  timestamp: '2023-06-14T10:19:00.870Z'
}
{
  message: 'Application listening on config.port 5000',
  level: 'info',
  label: 'right meow!',
  timestamp: '2023-06-14T10:19:00.878Z'
}
{
  message: '🛢 Database Connect Successfully',
  level: 'info',
  label: 'right meow!',
  timestamp: '2023-06-14T10:19:17.682Z'
}
{
  message: 'Application listening on config.port 5000',
  level: 'info',
  label: 'right meow!',
  timestamp: '2023-06-14T10:19:17.690Z'
}
{
  message: '🛢 Database Connect Successfully',
  level: 'info',
  label: 'right meow!',
  timestamp: '2023-06-14T10:20:23.016Z'
}
{
  message: 'Application listening on config.port 5000',
  level: 'info',
  label: 'right meow!',
  timestamp: '2023-06-14T10:20:23.028Z'
}
{
  message: '🛢 Database Connect Successfully',
  level: 'info',
  label: 'right meow!',
  timestamp: '2023-06-14T10:20:32.486Z'
}
{
  message: 'Application listening on config.port 5000',
  level: 'info',
  label: 'right meow!',
  timestamp: '2023-06-14T10:20:32.504Z'
}
{
  message: '🛢 Database Connect Successfully',
  level: 'info',
  label: 'right meow!',
  timestamp: '2023-06-14T10:21:07.454Z'
}
{
  message: 'Application listening on config.port 5000',
  level: 'info',
  label: 'right meow!',
  timestamp: '2023-06-14T10:21:07.463Z'
}
{
  message: '🛢 Database Connect Successfully',
  level: 'info',
  label: 'right meow!',
  timestamp: '2023-06-14T10:22:25.817Z'
}
{
  message: 'Application listening on config.port 5000',
  level: 'info',
  label: 'right meow!',
  timestamp: '2023-06-14T10:22:25.827Z'
}
{
  message: '🛢 Database Connect Successfully',
  level: 'info',
  label: 'right meow!',
  timestamp: '2023-06-14T10:22:50.879Z'
}
{
  message: 'Application listening on config.port 5000',
  level: 'info',
  label: 'right meow!',
  timestamp: '2023-06-14T10:22:50.886Z'
}
{
  message: '🛢 Database Connect Successfully',
  level: 'info',
  label: 'right meow!',
  timestamp: '2023-06-14T10:25:05.111Z'
}
{
  message: 'Application listening on config.port 5000',
  level: 'info',
  label: 'right meow!',
  timestamp: '2023-06-14T10:25:05.120Z'
}
{
  message: '🛢 Database Connect Successfully',
  level: 'info',
  label: 'right meow!',
  timestamp: '2023-06-14T10:30:58.314Z'
}
{
  message: 'Application listening on config.port 5000',
  level: 'info',
  label: 'right meow!',
  timestamp: '2023-06-14T10:30:58.323Z'
}
{
  message: '🛢 Database Connect Successfully',
  level: 'info',
  label: 'right meow!',
  timestamp: '2023-06-14T10:31:05.794Z'
}
{
  message: 'Application listening on config.port 5000',
  level: 'info',
  label: 'right meow!',
  timestamp: '2023-06-14T10:31:05.802Z'
}
{
  message: '🛢 Database Connect Successfully',
  level: 'info',
  label: 'right meow!',
  timestamp: '2023-06-14T10:33:57.394Z'
}
{
  message: 'Application listening on config.port 5000',
  level: 'info',
  label: 'right meow!',
  timestamp: '2023-06-14T10:33:57.402Z'
}
{
  message: '🛢 Database Connect Successfully',
  level: 'info',
  label: 'right meow!',
  timestamp: '2023-06-14T10:34:02.073Z'
}
{
  message: 'Application listening on config.port 5000',
  level: 'info',
  label: 'right meow!',
  timestamp: '2023-06-14T10:34:02.082Z'
}
{
  message: '🛢 Database Connect Successfully',
  level: 'info',
  label: 'right meow!',
  timestamp: '2023-06-14T10:40:33.274Z'
}
{
  message: 'Application listening on config.port 5000',
  level: 'info',
  label: 'right meow!',
  timestamp: '2023-06-14T10:40:33.285Z'
}
{
  message: '🛢 Database Connect Successfully',
  level: 'info',
  label: 'right meow!',
  timestamp: '2023-06-14T10:42:23.552Z'
}
{
  message: 'Application listening on config.port 5000',
  level: 'info',
  label: 'right meow!',
  timestamp: '2023-06-14T10:42:23.568Z'
}
{
  message: '🛢 Database Connect Successfully',
  level: 'info',
  label: 'right meow!',
  timestamp: '2023-06-14T10:42:28.950Z'
}
{
  message: 'Application listening on config.port 5000',
  level: 'info',
  label: 'right meow!',
  timestamp: '2023-06-14T10:42:28.959Z'
}
{
  message: '🛢 Database Connect Successfully',
  level: 'info',
  label: 'right meow!',
  timestamp: '2023-06-14T10:49:45.551Z'
}
{
  message: 'Application listening on config.port 5000',
  level: 'info',
  label: 'right meow!',
  timestamp: '2023-06-14T10:49:45.561Z'
}
{
  message: '🛢 Database Connect Successfully',
  level: 'info',
  label: 'right meow!',
  timestamp: '2023-06-14T10:49:52.475Z'
}
{
  message: 'Application listening on config.port 5000',
  level: 'info',
  label: 'right meow!',
  timestamp: '2023-06-14T10:49:52.483Z'
}
{
  message: '🛢 Database Connect Successfully',
  level: 'info',
  label: 'right meow!',
  timestamp: '2023-06-14T10:49:57.789Z'
}
{
  message: 'Application listening on config.port 5000',
  level: 'info',
  label: 'right meow!',
  timestamp: '2023-06-14T10:49:57.797Z'
}
{
  message: '🛢 Database Connect Successfully',
  level: 'info',
  label: 'right meow!',
  timestamp: '2023-06-14T10:50:37.154Z'
}
{
  message: 'Application listening on config.port 5000',
  level: 'info',
  label: 'right meow!',
  timestamp: '2023-06-14T10:50:37.163Z'
}
{
  message: '🛢 Database Connect Successfully',
  level: 'info',
  label: 'right meow!',
  timestamp: '2023-06-14T10:50:53.516Z'
}
{
  message: 'Application listening on config.port 5000',
  level: 'info',
  label: 'right meow!',
  timestamp: '2023-06-14T10:50:53.525Z'
}
{
  message: '🛢 Database Connect Successfully',
  level: 'info',
  label: 'right meow!',
  timestamp: '2023-06-14T10:51:11.551Z'
}
{
  message: 'Application listening on config.port 5000',
  level: 'info',
  label: 'right meow!',
  timestamp: '2023-06-14T10:51:11.560Z'
}
{
  message: '🛢 Database Connect Successfully',
  level: 'info',
  label: 'right meow!',
  timestamp: '2023-06-14T10:51:16.886Z'
}
{
  message: 'Application listening on config.port 5000',
  level: 'info',
  label: 'right meow!',
  timestamp: '2023-06-14T10:51:16.894Z'
}
{
  message: '🛢 Database Connect Successfully',
  level: 'info',
  label: 'right meow!',
  timestamp: '2023-06-14T10:55:00.355Z'
}
{
  message: 'Application listening on config.port 5000',
  level: 'info',
  label: 'right meow!',
  timestamp: '2023-06-14T10:55:00.365Z'
}
{
  message: '🛢 Database Connect Successfully',
  level: 'info',
  label: 'right meow!',
  timestamp: '2023-06-14T10:57:40.249Z'
}
{
  message: 'Application listening on config.port 5000',
  level: 'info',
  label: 'right meow!',
  timestamp: '2023-06-14T10:57:40.257Z'
}
